<?xml version="1.0" encoding="UTF-8"?>
<testng-results skipped="0" failed="0" ignored="0" total="1" passed="1">
  <reporter-output>
  </reporter-output>
  <suite name="Default suite" duration-ms="3969" started-at="2022-09-04T23:30:37 CDT" finished-at="2022-09-04T23:30:41 CDT">
    <groups>
    </groups>
    <test name="Default test" duration-ms="3969" started-at="2022-09-04T23:30:37 CDT" finished-at="2022-09-04T23:30:41 CDT">
      <class name="test.TestPage3">
        <test-method status="PASS" signature="validateDropDownElement()[pri:0, instance:test.TestPage3@3712b94]" name="validateDropDownElement" duration-ms="3912" started-at="2022-09-04T23:30:37 CDT" finished-at="2022-09-04T23:30:41 CDT">
          <reporter-output>
          </reporter-output>
        </test-method> <!-- validateDropDownElement -->
      </class> <!-- test.TestPage3 -->
    </test> <!-- Default test -->
  </suite> <!-- Default suite -->
</testng-results>
